<?xml version="1.0" encoding="UTF-8"?>
<!-- Generated by org.testng.reporters.JUnitReportReporter -->
<testsuite skipped="0" hostname="DESKTOP-ES8HU3L" name="com.nbc.testscripts.demo.NBC_Demo" tests="11" failures="0" timestamp="21 Apr 2018 15:49:37 GMT" time="352.534" errors="0">
  <testcase name="tc002" time="51.050" classname="com.nbc.testscripts.demo.NBC_Demo"/>
  <testcase name="tc005" time="13.151" classname="com.nbc.testscripts.demo.NBC_Demo"/>
  <testcase name="tc004" time="12.932" classname="com.nbc.testscripts.demo.NBC_Demo"/>
  <testcase name="tc011" time="22.686" classname="com.nbc.testscripts.demo.NBC_Demo"/>
  <testcase name="tc007" time="20.297" classname="com.nbc.testscripts.demo.NBC_Demo"/>
  <testcase name="tc001" time="59.200" classname="com.nbc.testscripts.demo.NBC_Demo"/>
  <testcase name="tc003" time="93.580" classname="com.nbc.testscripts.demo.NBC_Demo"/>
  <testcase name="tc009" time="24.783" classname="com.nbc.testscripts.demo.NBC_Demo"/>
  <testcase name="tc010" time="29.323" classname="com.nbc.testscripts.demo.NBC_Demo"/>
  <testcase name="tc008" time="11.655" classname="com.nbc.testscripts.demo.NBC_Demo"/>
  <testcase name="tc006" time="13.877" classname="com.nbc.testscripts.demo.NBC_Demo"/>
</testsuite> <!-- com.nbc.testscripts.demo.NBC_Demo -->
